0 info it worked if it ends with ok
1 verbose cli [ 'node', '/usr/local/bin/npm', 'install', '-g', 'caniuse-cmd' ]
2 info using npm@1.4.28
3 info using node@v0.10.32
4 verbose cache add [ 'caniuse-cmd', null ]
5 verbose cache add name=undefined spec="caniuse-cmd" args=["caniuse-cmd",null]
6 verbose parsed url { protocol: null,
6 verbose parsed url   slashes: null,
6 verbose parsed url   auth: null,
6 verbose parsed url   host: null,
6 verbose parsed url   port: null,
6 verbose parsed url   hostname: null,
6 verbose parsed url   hash: null,
6 verbose parsed url   search: null,
6 verbose parsed url   query: null,
6 verbose parsed url   pathname: 'caniuse-cmd',
6 verbose parsed url   path: 'caniuse-cmd',
6 verbose parsed url   href: 'caniuse-cmd' }
7 silly lockFile b3efa6da-caniuse-cmd caniuse-cmd
8 verbose lock caniuse-cmd /Users/brunomagrini/.npm/b3efa6da-caniuse-cmd.lock
9 silly lockFile b3efa6da-caniuse-cmd caniuse-cmd
10 silly lockFile b3efa6da-caniuse-cmd caniuse-cmd
11 verbose addNamed [ 'caniuse-cmd', '' ]
12 verbose addNamed [ null, '*' ]
13 silly lockFile f4fb965e-caniuse-cmd caniuse-cmd@
14 verbose lock caniuse-cmd@ /Users/brunomagrini/.npm/f4fb965e-caniuse-cmd.lock
15 silly addNameRange { name: 'caniuse-cmd', range: '*', hasData: false }
16 verbose request where is /caniuse-cmd
17 verbose request registry https://registry.npmjs.org/
18 verbose request id 58e5f6535aa0cf41
19 verbose url raw /caniuse-cmd
20 verbose url resolving [ 'https://registry.npmjs.org/', './caniuse-cmd' ]
21 verbose url resolved https://registry.npmjs.org/caniuse-cmd
22 verbose request where is https://registry.npmjs.org/caniuse-cmd
23 info trying registry request attempt 1 at 12:39:37
24 http GET https://registry.npmjs.org/caniuse-cmd
25 http 200 https://registry.npmjs.org/caniuse-cmd
26 silly registry.get cb [ 200,
26 silly registry.get   { server: 'CouchDB/1.5.0 (Erlang OTP/R16B03)',
26 silly registry.get     etag: '"6ZA9EUC0I34FKPSBBPE4RZA46"',
26 silly registry.get     'content-type': 'application/json',
26 silly registry.get     'cache-control': 'max-age=60',
26 silly registry.get     'content-length': '8790',
26 silly registry.get     'accept-ranges': 'bytes',
26 silly registry.get     date: 'Fri, 14 Aug 2015 15:39:39 GMT',
26 silly registry.get     via: '1.1 varnish',
26 silly registry.get     age: '0',
26 silly registry.get     connection: 'keep-alive',
26 silly registry.get     'x-served-by': 'cache-atl6223-ATL',
26 silly registry.get     'x-cache': 'MISS',
26 silly registry.get     'x-cache-hits': '0',
26 silly registry.get     'x-timer': 'S1439566779.209815,VS0,VE85',
26 silly registry.get     vary: 'Accept' } ]
27 silly addNameRange number 2 { name: 'caniuse-cmd', range: '*', hasData: true }
28 silly addNameRange versions [ 'caniuse-cmd', [ '1.0.0', '1.1.0', '1.1.1' ] ]
29 verbose addNamed [ 'caniuse-cmd', '1.1.1' ]
30 verbose addNamed [ '1.1.1', '1.1.1' ]
31 silly lockFile 122b84be-caniuse-cmd-1-1-1 caniuse-cmd@1.1.1
32 verbose lock caniuse-cmd@1.1.1 /Users/brunomagrini/.npm/122b84be-caniuse-cmd-1-1-1.lock
33 silly lockFile 7b1c02bd-aniuse-cmd-caniuse-cmd-1-1-1-tgz https://registry.npmjs.org/caniuse-cmd/-/caniuse-cmd-1.1.1.tgz
34 verbose lock https://registry.npmjs.org/caniuse-cmd/-/caniuse-cmd-1.1.1.tgz /Users/brunomagrini/.npm/7b1c02bd-aniuse-cmd-caniuse-cmd-1-1-1-tgz.lock
35 verbose addRemoteTarball [ 'https://registry.npmjs.org/caniuse-cmd/-/caniuse-cmd-1.1.1.tgz',
35 verbose addRemoteTarball   'a6167d12b703b8c6fa5ae13b8fd724c47f788d24' ]
36 info retry fetch attempt 1 at 12:39:39
37 verbose fetch to= /var/folders/76/w5fzkgs57rg5xr01jzm3crz80000gn/T/npm-3317-MHv9iQ3Z/registry.npmjs.org/caniuse-cmd/-/caniuse-cmd-1.1.1.tgz
38 http GET https://registry.npmjs.org/caniuse-cmd/-/caniuse-cmd-1.1.1.tgz
39 http 200 https://registry.npmjs.org/caniuse-cmd/-/caniuse-cmd-1.1.1.tgz
40 silly lockFile 7b1c02bd-aniuse-cmd-caniuse-cmd-1-1-1-tgz https://registry.npmjs.org/caniuse-cmd/-/caniuse-cmd-1.1.1.tgz
41 silly lockFile 7b1c02bd-aniuse-cmd-caniuse-cmd-1-1-1-tgz https://registry.npmjs.org/caniuse-cmd/-/caniuse-cmd-1.1.1.tgz
42 silly lockFile 122b84be-caniuse-cmd-1-1-1 caniuse-cmd@1.1.1
43 silly lockFile 122b84be-caniuse-cmd-1-1-1 caniuse-cmd@1.1.1
44 silly lockFile f4fb965e-caniuse-cmd caniuse-cmd@
45 silly lockFile f4fb965e-caniuse-cmd caniuse-cmd@
46 silly resolved [ { name: 'caniuse-cmd',
46 silly resolved     version: '1.1.1',
46 silly resolved     description: 'caniuse for the command line',
46 silly resolved     scripts: { test: 'mocha' },
46 silly resolved     preferGlobal: true,
46 silly resolved     bin: { caniuse: './bin.js' },
46 silly resolved     repository:
46 silly resolved      { type: 'git',
46 silly resolved        url: 'https://github.com/sgentle/caniuse-cmd.git' },
46 silly resolved     keywords: [ 'caniuse' ],
46 silly resolved     author: { name: 'Sam Gentle', email: 'sam@samgentle.com' },
46 silly resolved     license: 'MIT',
46 silly resolved     bugs: { url: 'https://github.com/sgentle/caniuse-cmd/issues' },
46 silly resolved     homepage: 'https://github.com/sgentle/caniuse-cmd',
46 silly resolved     dependencies:
46 silly resolved      { 'caniuse-db': '~1.0.0',
46 silly resolved        'coffee-script': '=1.9.1',
46 silly resolved        colors: '^1.0.3',
46 silly resolved        linewrap: '^0.2.1',
46 silly resolved        open: '0.0.5',
46 silly resolved        'os-homedir': '^1.0.1',
46 silly resolved        yargs: 'git+https://github.com/sgentle/yargs.git#config-booleans' },
46 silly resolved     devDependencies: { mocha: '^2.2.1' },
46 silly resolved     gitHead: '9f1aceea8021fb34e7a9451c07c73a7b00f56bc4',
46 silly resolved     _id: 'caniuse-cmd@1.1.1',
46 silly resolved     _shasum: 'a6167d12b703b8c6fa5ae13b8fd724c47f788d24',
46 silly resolved     _from: 'caniuse-cmd@',
46 silly resolved     _npmVersion: '2.11.3',
46 silly resolved     _nodeVersion: '2.3.3',
46 silly resolved     _npmUser: { name: 'sgentle', email: 'sam@samgentle.com' },
46 silly resolved     maintainers: [ [Object] ],
46 silly resolved     dist:
46 silly resolved      { shasum: 'a6167d12b703b8c6fa5ae13b8fd724c47f788d24',
46 silly resolved        tarball: 'http://registry.npmjs.org/caniuse-cmd/-/caniuse-cmd-1.1.1.tgz' },
46 silly resolved     directories: {},
46 silly resolved     _resolved: 'https://registry.npmjs.org/caniuse-cmd/-/caniuse-cmd-1.1.1.tgz' } ]
47 info install caniuse-cmd@1.1.1 into /usr/local/lib
48 info installOne caniuse-cmd@1.1.1
49 verbose lib/node_modules/caniuse-cmd unbuild
50 verbose tar unpack /Users/brunomagrini/.npm/caniuse-cmd/1.1.1/package.tgz
51 silly lockFile ad758ae2-cal-lib-node-modules-caniuse-cmd tar:///usr/local/lib/node_modules/caniuse-cmd
52 verbose lock tar:///usr/local/lib/node_modules/caniuse-cmd /Users/brunomagrini/.npm/ad758ae2-cal-lib-node-modules-caniuse-cmd.lock
53 silly lockFile d4aa6c66-pm-caniuse-cmd-1-1-1-package-tgz tar:///Users/brunomagrini/.npm/caniuse-cmd/1.1.1/package.tgz
54 verbose lock tar:///Users/brunomagrini/.npm/caniuse-cmd/1.1.1/package.tgz /Users/brunomagrini/.npm/d4aa6c66-pm-caniuse-cmd-1-1-1-package-tgz.lock
55 silly gunzTarPerm modes [ '775', '664' ]
56 error Error: EACCES, mkdir '/usr/local/lib/node_modules/caniuse-cmd'
56 error  { [Error: EACCES, mkdir '/usr/local/lib/node_modules/caniuse-cmd']
56 error   errno: 3,
56 error   code: 'EACCES',
56 error   path: '/usr/local/lib/node_modules/caniuse-cmd',
56 error   fstream_type: 'Directory',
56 error   fstream_path: '/usr/local/lib/node_modules/caniuse-cmd',
56 error   fstream_class: 'DirWriter',
56 error   fstream_stack:
56 error    [ '/usr/local/lib/node_modules/npm/node_modules/fstream/lib/dir-writer.js:36:23',
56 error      '/usr/local/lib/node_modules/npm/node_modules/mkdirp/index.js:46:53',
56 error      'Object.oncomplete (fs.js:107:15)' ] }
57 error Please try running this command again as root/Administrator.
58 error System Darwin 11.4.2
59 error command "node" "/usr/local/bin/npm" "install" "-g" "caniuse-cmd"
60 error cwd /Applications/MAMP/htdocs/rede/wp-content/themes/quinta-essentia
61 error node -v v0.10.32
62 error npm -v 1.4.28
63 error path /usr/local/lib/node_modules/caniuse-cmd
64 error fstream_path /usr/local/lib/node_modules/caniuse-cmd
65 error fstream_type Directory
66 error fstream_class DirWriter
67 error code EACCES
68 error errno 3
69 error stack Error: EACCES, mkdir '/usr/local/lib/node_modules/caniuse-cmd'
70 error fstream_stack /usr/local/lib/node_modules/npm/node_modules/fstream/lib/dir-writer.js:36:23
70 error fstream_stack /usr/local/lib/node_modules/npm/node_modules/mkdirp/index.js:46:53
70 error fstream_stack Object.oncomplete (fs.js:107:15)
71 verbose exit [ 3, true ]
